<?xml version="1.0" encoding="UTF-8"?>
<testsuite xmlns:xsi="http://www.w3.org/2001/XMLSchema-instance" xsi:noNamespaceSchemaLocation="https://maven.apache.org/surefire/maven-surefire-plugin/xsd/surefire-test-report.xsd" name="com.illumio.code.FirewallTest" time="0.017" tests="1" errors="0" skipped="0" failures="0">
  <properties>
    <property name="sun.desktop" value="gnome"/>
    <property name="awt.toolkit" value="sun.awt.X11.XToolkit"/>
    <property name="file.encoding.pkg" value="sun.io"/>
    <property name="java.specification.version" value="1.8"/>
    <property name="sun.cpu.isalist" value=""/>
    <property name="sun.jnu.encoding" value="UTF-8"/>
    <property name="java.class.path" value="/home/hadoop/illumio/firewall-illumio/target/test-classes:/home/hadoop/illumio/firewall-illumio/target/classes:/home/hadoop/.m2/repository/org/junit/jupiter/junit-jupiter-engine/5.3.1/junit-jupiter-engine-5.3.1.jar:/home/hadoop/.m2/repository/org/apiguardian/apiguardian-api/1.0.0/apiguardian-api-1.0.0.jar:/home/hadoop/.m2/repository/org/junit/platform/junit-platform-engine/1.3.1/junit-platform-engine-1.3.1.jar:/home/hadoop/.m2/repository/org/junit/platform/junit-platform-commons/1.3.1/junit-platform-commons-1.3.1.jar:/home/hadoop/.m2/repository/org/opentest4j/opentest4j/1.1.1/opentest4j-1.1.1.jar:/home/hadoop/.m2/repository/org/junit/jupiter/junit-jupiter-api/5.3.1/junit-jupiter-api-5.3.1.jar:"/>
    <property name="java.vm.vendor" value="Oracle Corporation"/>
    <property name="sun.arch.data.model" value="64"/>
    <property name="java.vendor.url" value="http://java.oracle.com/"/>
    <property name="user.timezone" value=""/>
    <property name="java.vm.specification.version" value="1.8"/>
    <property name="os.name" value="Linux"/>
    <property name="user.country" value="US"/>
    <property name="sun.java.launcher" value="SUN_STANDARD"/>
    <property name="sun.boot.library.path" value="/usr/local/jdk1.8.0_172/jre/lib/amd64"/>
    <property name="sun.java.command" value="/home/hadoop/illumio/firewall-illumio/target/surefire/surefirebooter4511191635118357406.jar /home/hadoop/illumio/firewall-illumio/target/surefire 2018-11-11T21-20-17_784-jvmRun1 surefire2176715307736542726tmp surefire_08316688556781140232tmp"/>
    <property name="test" value="FirewallTest"/>
    <property name="surefire.test.class.path" value="/home/hadoop/illumio/firewall-illumio/target/test-classes:/home/hadoop/illumio/firewall-illumio/target/classes:/home/hadoop/.m2/repository/org/junit/jupiter/junit-jupiter-engine/5.3.1/junit-jupiter-engine-5.3.1.jar:/home/hadoop/.m2/repository/org/apiguardian/apiguardian-api/1.0.0/apiguardian-api-1.0.0.jar:/home/hadoop/.m2/repository/org/junit/platform/junit-platform-engine/1.3.1/junit-platform-engine-1.3.1.jar:/home/hadoop/.m2/repository/org/junit/platform/junit-platform-commons/1.3.1/junit-platform-commons-1.3.1.jar:/home/hadoop/.m2/repository/org/opentest4j/opentest4j/1.1.1/opentest4j-1.1.1.jar:/home/hadoop/.m2/repository/org/junit/jupiter/junit-jupiter-api/5.3.1/junit-jupiter-api-5.3.1.jar:"/>
    <property name="sun.cpu.endian" value="little"/>
    <property name="user.home" value="/home/hadoop"/>
    <property name="user.language" value="en"/>
    <property name="java.specification.vendor" value="Oracle Corporation"/>
    <property name="java.home" value="/usr/local/jdk1.8.0_172/jre"/>
    <property name="basedir" value="/home/hadoop/illumio/firewall-illumio"/>
    <property name="file.separator" value="/"/>
    <property name="line.separator" value="&#10;"/>
    <property name="java.vm.specification.vendor" value="Oracle Corporation"/>
    <property name="java.specification.name" value="Java Platform API Specification"/>
    <property name="java.awt.graphicsenv" value="sun.awt.X11GraphicsEnvironment"/>
    <property name="surefire.real.class.path" value="/home/hadoop/illumio/firewall-illumio/target/surefire/surefirebooter4511191635118357406.jar"/>
    <property name="sun.boot.class.path" value="/usr/local/jdk1.8.0_172/jre/lib/resources.jar:/usr/local/jdk1.8.0_172/jre/lib/rt.jar:/usr/local/jdk1.8.0_172/jre/lib/sunrsasign.jar:/usr/local/jdk1.8.0_172/jre/lib/jsse.jar:/usr/local/jdk1.8.0_172/jre/lib/jce.jar:/usr/local/jdk1.8.0_172/jre/lib/charsets.jar:/usr/local/jdk1.8.0_172/jre/lib/jfr.jar:/usr/local/jdk1.8.0_172/jre/classes"/>
    <property name="sun.management.compiler" value="HotSpot 64-Bit Tiered Compilers"/>
    <property name="java.runtime.version" value="1.8.0_172-b11"/>
    <property name="user.name" value="hadoop"/>
    <property name="path.separator" value=":"/>
    <property name="os.version" value="4.16.0-041600-generic"/>
    <property name="java.endorsed.dirs" value="/usr/local/jdk1.8.0_172/jre/lib/endorsed"/>
    <property name="java.runtime.name" value="Java(TM) SE Runtime Environment"/>
    <property name="file.encoding" value="UTF-8"/>
    <property name="java.vm.name" value="Java HotSpot(TM) 64-Bit Server VM"/>
    <property name="localRepository" value="/home/hadoop/.m2/repository"/>
    <property name="java.vendor.url.bug" value="http://bugreport.sun.com/bugreport/"/>
    <property name="java.io.tmpdir" value="/tmp"/>
    <property name="java.version" value="1.8.0_172"/>
    <property name="user.dir" value="/home/hadoop/illumio/firewall-illumio"/>
    <property name="os.arch" value="amd64"/>
    <property name="filePath" value="/home/hadoop/illumio/firewall-illumio/test.csv"/>
    <property name="java.vm.specification.name" value="Java Virtual Machine Specification"/>
    <property name="java.awt.printerjob" value="sun.print.PSPrinterJob"/>
    <property name="sun.os.patch.level" value="unknown"/>
    <property name="java.library.path" value="/usr/java/packages/lib/amd64:/usr/lib64:/lib64:/lib:/usr/lib"/>
    <property name="java.vm.info" value="mixed mode"/>
    <property name="java.vendor" value="Oracle Corporation"/>
    <property name="java.vm.version" value="25.172-b11"/>
    <property name="java.ext.dirs" value="/usr/local/jdk1.8.0_172/jre/lib/ext:/usr/java/packages/lib/ext"/>
    <property name="sun.io.unicode.encoding" value="UnicodeLittle"/>
    <property name="java.class.version" value="52.0"/>
  </properties>
  <testcase name="accept_packet" classname="com.illumio.code.FirewallTest" time="0.011"/>
</testsuite>